<?xml version="1.0" encoding="UTF-8"?>
<!-- Generated by org.testng.reporters.JUnitReportReporter -->
<testsuite hostname="DESKTOP-HU52OQ2" failures="0" tests="1" name="com.qa.testcases.ts005.TS005_TC001" time="34.751" errors="0" timestamp="2024-06-16T11:28:03 IST" skipped="0">
  <testcase classname="com.qa.testcases.ts005.TS005_TC001" name="TS005_TC001" time="34.751"/>
</testsuite> <!-- com.qa.testcases.ts005.TS005_TC001 -->
