<?xml version="1.0" encoding="UTF-8"?>
<!-- Generated by org.testng.reporters.JUnitReportReporter -->
<testsuite hostname="DESKTOP-HU52OQ2" failures="0" tests="2" name="com.qa.testcases.ts004.TS004_TC003" time="115.312" errors="0" timestamp="2024-06-16T11:28:03 IST" skipped="0">
  <testcase classname="com.qa.testcases.ts004.TS004_TC003" name="TS004_TC003" time="50.179"/>
  <testcase classname="com.qa.testcases.ts004.TS004_TC003" name="TS004_TC003" time="65.133"/>
</testsuite> <!-- com.qa.testcases.ts004.TS004_TC003 -->
