<?xml version="1.0" encoding="UTF-8"?>
<!-- Generated by org.testng.reporters.JUnitReportReporter -->
<testsuite hostname="DESKTOP-HU52OQ2" failures="0" tests="2" name="com.qa.testcases.ts003.TS003_TC004" time="41.392" errors="0" timestamp="2024-06-16T11:28:03 IST" skipped="0">
  <testcase classname="com.qa.testcases.ts003.TS003_TC004" name="TS003_TC004" time="24.557"/>
  <testcase classname="com.qa.testcases.ts003.TS003_TC004" name="TS003_TC004" time="16.835"/>
</testsuite> <!-- com.qa.testcases.ts003.TS003_TC004 -->
