<?xml version="1.0" encoding="UTF-8"?>
<!-- Generated by org.testng.reporters.JUnitReportReporter -->
<testsuite hostname="DESKTOP-HU52OQ2" failures="0" tests="2" name="com.qa.testcases.ts005.TS005_TC002" time="311.374" errors="0" timestamp="2024-06-16T11:28:03 IST" skipped="0">
  <testcase classname="com.qa.testcases.ts005.TS005_TC002" name="TS005_TC002" time="157.190"/>
  <testcase classname="com.qa.testcases.ts005.TS005_TC002" name="TS005_TC002" time="154.184"/>
</testsuite> <!-- com.qa.testcases.ts005.TS005_TC002 -->
