<?xml version="1.0" encoding="UTF-8"?>
<!-- Generated by org.testng.reporters.JUnitReportReporter -->
<testsuite hostname="DESKTOP-HU52OQ2" failures="0" tests="2" name="com.qa.testcases.ts005.TS005_TC005" time="87.903" errors="0" timestamp="2024-06-16T11:28:03 IST" skipped="0">
  <testcase classname="com.qa.testcases.ts005.TS005_TC005" name="TS005_TC005" time="40.961"/>
  <testcase classname="com.qa.testcases.ts005.TS005_TC005" name="TS005_TC005" time="46.942"/>
</testsuite> <!-- com.qa.testcases.ts005.TS005_TC005 -->
