<?xml version="1.0" encoding="UTF-8"?>
<!-- Generated by org.testng.reporters.JUnitReportReporter -->
<testsuite hostname="DESKTOP-HU52OQ2" failures="0" tests="3" name="com.qa.testcases.ts002.TS002_TC002" time="56.927" errors="0" timestamp="2024-06-16T11:28:03 IST" skipped="0">
  <testcase classname="com.qa.testcases.ts002.TS002_TC002" name="TS002_TC002" time="16.005"/>
  <testcase classname="com.qa.testcases.ts002.TS002_TC002" name="TS002_TC002" time="15.853"/>
  <testcase classname="com.qa.testcases.ts002.TS002_TC002" name="TS002_TC002" time="25.069"/>
</testsuite> <!-- com.qa.testcases.ts002.TS002_TC002 -->
