<?xml version="1.0" encoding="UTF-8"?>
<!-- Generated by org.testng.reporters.JUnitReportReporter -->
<testsuite hostname="DESKTOP-HU52OQ2" failures="0" tests="4" name="com.qa.testcases.ts003.TS003_TC003" time="44.766" errors="0" timestamp="2024-06-16T11:28:03 IST" skipped="0">
  <testcase classname="com.qa.testcases.ts003.TS003_TC003" name="TS003_TC003" time="10.502"/>
  <testcase classname="com.qa.testcases.ts003.TS003_TC003" name="TS003_TC003" time="13.522"/>
  <testcase classname="com.qa.testcases.ts003.TS003_TC003" name="TS003_TC003" time="10.200"/>
  <testcase classname="com.qa.testcases.ts003.TS003_TC003" name="TS003_TC003" time="10.542"/>
</testsuite> <!-- com.qa.testcases.ts003.TS003_TC003 -->
