<?xml version="1.0" encoding="UTF-8"?>
<!-- Generated by org.testng.reporters.JUnitReportReporter -->
<testsuite hostname="DESKTOP-HU52OQ2" failures="0" tests="1" name="com.qa.testcases.ts001.TS001_TC003" time="13.243" errors="0" timestamp="2024-06-16T11:28:03 IST" skipped="0">
  <testcase classname="com.qa.testcases.ts001.TS001_TC003" name="TS001_TC003" time="13.243"/>
</testsuite> <!-- com.qa.testcases.ts001.TS001_TC003 -->
