<?xml version="1.0" encoding="UTF-8"?>
<!-- Generated by org.testng.reporters.JUnitReportReporter -->
<testsuite hostname="DESKTOP-HU52OQ2" failures="0" tests="4" name="com.qa.testcases.ts001.TS001_TC005" time="42.508" errors="0" timestamp="2024-06-16T11:28:03 IST" skipped="0">
  <testcase classname="com.qa.testcases.ts001.TS001_TC005" name="TS001_TC005" time="9.666"/>
  <testcase classname="com.qa.testcases.ts001.TS001_TC005" name="TS001_TC005" time="12.402"/>
  <testcase classname="com.qa.testcases.ts001.TS001_TC005" name="TS001_TC005" time="10.341"/>
  <testcase classname="com.qa.testcases.ts001.TS001_TC005" name="TS001_TC005" time="10.099"/>
</testsuite> <!-- com.qa.testcases.ts001.TS001_TC005 -->
