<?xml version="1.0" encoding="UTF-8"?>
<!-- Generated by org.testng.reporters.JUnitReportReporter -->
<testsuite hostname="DESKTOP-HU52OQ2" failures="0" tests="2" name="com.qa.testcases.ts003.TS003_TC004" time="52.636" errors="0" timestamp="2024-06-16T14:23:36 IST" skipped="0">
  <testcase classname="com.qa.testcases.ts003.TS003_TC004" name="TS003_TC004" time="32.175"/>
  <testcase classname="com.qa.testcases.ts003.TS003_TC004" name="TS003_TC004" time="20.461"/>
</testsuite> <!-- com.qa.testcases.ts003.TS003_TC004 -->
