<?xml version="1.0" encoding="UTF-8"?>
<!-- Generated by org.testng.reporters.JUnitReportReporter -->
<testsuite hostname="DESKTOP-HU52OQ2" failures="0" tests="2" name="com.qa.testcases.ts005.TS005_TC003" time="130.510" errors="0" timestamp="2024-06-16T14:23:36 IST" skipped="0">
  <testcase classname="com.qa.testcases.ts005.TS005_TC003" name="TS005_TC003" time="73.411"/>
  <testcase classname="com.qa.testcases.ts005.TS005_TC003" name="TS005_TC003" time="57.099"/>
</testsuite> <!-- com.qa.testcases.ts005.TS005_TC003 -->
