<?xml version="1.0" encoding="UTF-8"?>
<!-- Generated by org.testng.reporters.JUnitReportReporter -->
<testsuite hostname="DESKTOP-HU52OQ2" failures="0" tests="2" name="com.qa.testcases.ts004.TS004_TC001" time="260.846" errors="0" timestamp="2024-06-16T14:23:36 IST" skipped="0">
  <testcase classname="com.qa.testcases.ts004.TS004_TC001" name="TS004_TC001" time="124.046"/>
  <testcase classname="com.qa.testcases.ts004.TS004_TC001" name="TS004_TC001" time="136.800"/>
</testsuite> <!-- com.qa.testcases.ts004.TS004_TC001 -->
