<?xml version="1.0" encoding="UTF-8"?>
<!-- Generated by org.testng.reporters.JUnitReportReporter -->
<testsuite hostname="DESKTOP-HU52OQ2" failures="0" tests="3" name="com.qa.testcases.ts002.TS002_TC002" time="58.782" errors="0" timestamp="2024-06-16T14:23:36 IST" skipped="0">
  <testcase classname="com.qa.testcases.ts002.TS002_TC002" name="TS002_TC002" time="22.733"/>
  <testcase classname="com.qa.testcases.ts002.TS002_TC002" name="TS002_TC002" time="16.606"/>
  <testcase classname="com.qa.testcases.ts002.TS002_TC002" name="TS002_TC002" time="19.443"/>
</testsuite> <!-- com.qa.testcases.ts002.TS002_TC002 -->
